# MDS setup check 1.0.0

## Operating system
ProductName:	macOS
ProductVersion:	11.4
BuildVersion:	20F71

MISSING You need macOS Catalina (10.15.x).

## System programs
OK        psql (PostgreSQL) 13.3
OK        rstudio 1.4.1725
OK        R 4.1.0 (2021-05-18) -- "Camp Pontanezen"
OK        python 3.8.10
OK        conda 4.10.3
OK        bash 3.2.57(1)-release (x86_64-apple-darwin20)
OK        git 2.30.1 (Apple Git-130)
OK        make 3.81
OK        latex 3.141592653-2.6-1.40.23 (TeX Live 2022/dev)
OK        tlmgr 59291 (2021-05-21 05:14:40 +0200)
OK        docker 20.10.7, build f0df350
OK        code 1.58.0

## Python packages
OK        jupyterlab=3.0.16
OK        numpy=1.21.0
OK        pandas=1.2.5
OK        flake8=3.9.2
OK        black=21.5b2
OK        nodejs=15.14.0
OK        jupytext=1.11.3
OK        jupyterlab-git=0.30.1
MISSING   jupyterlab PDF-generation failed. Check that latex and jupyterlab are marked OK above.

## R packages
OK        tidyverse=1.3.1
OK        blogdown=1.3
OK        xaringan=0.22
OK        renv=0.13.2
OK        IRkernel=1.2
OK        tinytex=0.32
OK        rmarkdown PDF-generation was successful.

## Environmental variables
TERM_PROGRAM=Apple_Terminal
TERM=xterm-256color
SHELL=/bin/bash
CLICOLOR=1
TMPDIR=/var/folders/zs/x3w7tlzd1z319qq2_l0ww5g80000gn/T/
CONDA_SHLVL=1
TERM_PROGRAM_VERSION=440
CONDA_PROMPT_MODIFIER=(base) 
TERM_SESSION_ID=1C3FA3B0-A26F-4693-BB94-8126177446E4
USER=arman
CONDA_EXE=/opt/miniconda3/bin/conda
SSH_AUTH_SOCK=/private/tmp/com.apple.launchd.dpLFSx9YTH/Listeners
BASH_SILENCE_DEPRECATION_WARNING=1
_CE_CONDA=
LSCOLORS=ExGxFxdxCxDxDxxbaDecac
PATH=/opt/miniconda3/bin:/opt/miniconda3/condabin:/usr/local/bin:/usr/bin:/bin:/usr/sbin:/sbin:/opt/X11/bin
__CFBundleIdentifier=com.apple.Terminal
CONDA_PREFIX=/opt/miniconda3
PWD=/Users/armanawn/Documents/MDS-Github-Repos/UBC-MDS.github.io
LANG=en_CA.UTF-8
XPC_FLAGS=0x0
XPC_SERVICE_NAME=0
_CE_M=
HOME=/Users/armanawn
SHLVL=2
LOGNAME=arman
CONDA_PYTHON_EXE=/opt/miniconda3/bin/python
CONDA_DEFAULT_ENV=base
DISPLAY=/private/tmp/com.apple.launchd.IjCwtE5T9s/org.xquartz:0
_=/usr/bin/env

## Content of .bash_profile
# Set the default editor for programs launch from terminal
EDITOR="code --wait"
VISUAL=$EDITOR  # Use the same value as for "EDITOR" in the line above

# >>> conda initialize >>>
# !! Contents within this block are managed by 'conda init' !!
__conda_setup="$('/opt/miniconda3/bin/conda' 'shell.bash' 'hook' 2> /dev/null)"
if [ $? -eq 0 ]; then
    eval "$__conda_setup"
else
    if [ -f "/opt/miniconda3/etc/profile.d/conda.sh" ]; then
        . "/opt/miniconda3/etc/profile.d/conda.sh"
    else
        export PATH="/opt/miniconda3/bin:$PATH"
    fi
fi
unset __conda_setup
# <<< conda initialize <<<
alias ll="ls -lha"

# Silence default shell note when launching bash
export BASH_SILENCE_DEPRECATION_WARNING=1

# Color text so it is easier to distinguish elements from each other
export CLICOLOR=1
export LSCOLORS=ExGxFxdxCxDxDxxbaDecac
export PS1="${CONDA_PROMPT_MODIFIER}\[\033[01;32m\]\u@\h\[\033[00m\]:\[\033[01;34m\]\w\[\033[00m\]\$ "

# TAB completion configuration
# TAB completion ignores case
bind "set completion-ignore-case on"
# Require only one instead of two TAB presses before showing matches
bind "set show-all-if-ambiguous on"
# Unfortunately the tab cycling does not work together with single tab match expansion on macOS
# since bash is too old, so I have commented out the option below,
# but feel free to remove the leading `#` if you want to test it out.
# If there are multiple matches for completion, cycle through them with TAB
# bind 'TAB':menu-complete

# History configuration
# Cycle through history based on characters already typed on the line
bind '"\e[A":history-search-backward'
bind '"\e[B":history-search-forward'
# Append to the history file, don't overwrite it.
shopt -s histappend
# Write commands to history one-by-one right after they are executed
# instead of all together when the terminal is closed.
# Make new terminals see all commands run in currently open terminals and
# prepend a newline to the prompt string to separate it from the last command's output
PROMPT_COMMAND='history -a; echo'
# Increase history size
HISTSIZE=50000
HISTFILESIZE=50000
## Content of .bashrc
~/.bashrc not found
